[2022-12-28 18:04:28.628] [jointLog] [info] setting maxHashResizeThreads to 12
[2022-12-28 18:04:28.628] [jointLog] [info] Fragment incompatibility prior below threshold.  Incompatible fragments will be ignored.
[2022-12-28 18:04:28.628] [jointLog] [info] Usage of --validateMappings implies use of minScoreFraction. Since not explicitly specified, it is being set to 0.65
[2022-12-28 18:04:28.628] [jointLog] [info] Setting consensusSlack to selective-alignment default of 0.35.
[2022-12-28 18:04:28.628] [jointLog] [info] parsing read library format
[2022-12-28 18:04:28.628] [jointLog] [info] There is 1 library.
[2022-12-28 18:04:28.628] [jointLog] [info] Loading pufferfish index
[2022-12-28 18:04:28.628] [jointLog] [info] Loading dense pufferfish index.
[2022-12-28 18:04:28.966] [jointLog] [info] done
[2022-12-28 18:04:29.020] [jointLog] [info] Index contained 23,315 targets
[2022-12-28 18:04:29.024] [jointLog] [info] Number of decoys : 63
[2022-12-28 18:04:29.024] [jointLog] [info] First decoy index : 23,252 
[2022-12-28 18:04:30.232] [jointLog] [info] Automatically detected most likely library type as IU

[2022-12-28 18:07:13.812] [fileLog] [info] 
At end of round 0
==================
Observed 23301223 total fragments (23301223 in most recent round)

[2022-12-28 18:07:13.811] [jointLog] [info] Computed 142,719 rich equivalence classes for further processing
[2022-12-28 18:07:13.811] [jointLog] [info] Counted 21,765,060 total reads in the equivalence classes 
[2022-12-28 18:07:13.821] [jointLog] [info] Number of mappings discarded because of alignment score : 1,178,731
[2022-12-28 18:07:13.821] [jointLog] [info] Number of fragments entirely discarded because of alignment score : 711,237
[2022-12-28 18:07:13.821] [jointLog] [info] Number of fragments discarded because they are best-mapped to decoys : 89,210
[2022-12-28 18:07:13.821] [jointLog] [info] Number of fragments discarded because they have only dovetail (discordant) mappings to valid targets : 337,271
[2022-12-28 18:07:13.821] [jointLog] [info] Mapping rate = 93.4074%

[2022-12-28 18:07:13.821] [jointLog] [info] finished quantifyLibrary()
[2022-12-28 18:07:13.860] [jointLog] [info] Starting optimizer
[2022-12-28 18:07:13.875] [jointLog] [info] Marked 0 weighted equivalence classes as degenerate
[2022-12-28 18:07:13.878] [jointLog] [info] iteration = 0 | max rel diff. = 52190.2
[2022-12-28 18:07:14.112] [jointLog] [info] iteration = 100 | max rel diff. = 5.73816
[2022-12-28 18:07:14.348] [jointLog] [info] iteration = 200 | max rel diff. = 0.648133
[2022-12-28 18:07:14.584] [jointLog] [info] iteration = 300 | max rel diff. = 0.494363
[2022-12-28 18:07:14.821] [jointLog] [info] iteration = 400 | max rel diff. = 0.125443
[2022-12-28 18:07:15.056] [jointLog] [info] iteration = 500 | max rel diff. = 0.128001
[2022-12-28 18:07:15.291] [jointLog] [info] iteration = 600 | max rel diff. = 1.26927
[2022-12-28 18:07:15.526] [jointLog] [info] iteration = 700 | max rel diff. = 0.131932
[2022-12-28 18:07:15.761] [jointLog] [info] iteration = 800 | max rel diff. = 0.182928
[2022-12-28 18:07:15.996] [jointLog] [info] iteration = 900 | max rel diff. = 0.474497
[2022-12-28 18:07:16.232] [jointLog] [info] iteration = 1,000 | max rel diff. = 0.0530365
[2022-12-28 18:07:16.279] [jointLog] [info] iteration = 1,021 | max rel diff. = 0.00533314
[2022-12-28 18:07:16.280] [jointLog] [info] Finished optimizer
[2022-12-28 18:07:16.280] [jointLog] [info] writing output 

