[2022-12-28 17:55:58.047] [jointLog] [info] setting maxHashResizeThreads to 12
[2022-12-28 17:55:58.047] [jointLog] [info] Fragment incompatibility prior below threshold.  Incompatible fragments will be ignored.
[2022-12-28 17:55:58.047] [jointLog] [info] Usage of --validateMappings implies use of minScoreFraction. Since not explicitly specified, it is being set to 0.65
[2022-12-28 17:55:58.047] [jointLog] [info] Setting consensusSlack to selective-alignment default of 0.35.
[2022-12-28 17:55:58.047] [jointLog] [info] parsing read library format
[2022-12-28 17:55:58.047] [jointLog] [info] There is 1 library.
[2022-12-28 17:55:58.047] [jointLog] [info] Loading pufferfish index
[2022-12-28 17:55:58.048] [jointLog] [info] Loading dense pufferfish index.
[2022-12-28 17:55:58.386] [jointLog] [info] done
[2022-12-28 17:55:58.441] [jointLog] [info] Index contained 23,315 targets
[2022-12-28 17:55:58.446] [jointLog] [info] Number of decoys : 63
[2022-12-28 17:55:58.446] [jointLog] [info] First decoy index : 23,252 
[2022-12-28 17:56:00.107] [jointLog] [info] Automatically detected most likely library type as IU

[2022-12-28 17:59:13.073] [fileLog] [info] 
At end of round 0
==================
Observed 19831734 total fragments (19831734 in most recent round)

[2022-12-28 17:59:13.073] [jointLog] [info] Computed 168,179 rich equivalence classes for further processing
[2022-12-28 17:59:13.073] [jointLog] [info] Counted 18,657,071 total reads in the equivalence classes 
[2022-12-28 17:59:13.082] [jointLog] [info] Number of mappings discarded because of alignment score : 1,004,952
[2022-12-28 17:59:13.082] [jointLog] [info] Number of fragments entirely discarded because of alignment score : 589,028
[2022-12-28 17:59:13.082] [jointLog] [info] Number of fragments discarded because they are best-mapped to decoys : 50,909
[2022-12-28 17:59:13.082] [jointLog] [info] Number of fragments discarded because they have only dovetail (discordant) mappings to valid targets : 253,153
[2022-12-28 17:59:13.082] [jointLog] [info] Mapping rate = 94.0769%

[2022-12-28 17:59:13.082] [jointLog] [info] finished quantifyLibrary()
[2022-12-28 17:59:13.113] [jointLog] [info] Starting optimizer
[2022-12-28 17:59:13.130] [jointLog] [info] Marked 0 weighted equivalence classes as degenerate
[2022-12-28 17:59:13.133] [jointLog] [info] iteration = 0 | max rel diff. = 50043.8
[2022-12-28 17:59:13.398] [jointLog] [info] iteration = 100 | max rel diff. = 3.8416
[2022-12-28 17:59:13.663] [jointLog] [info] iteration = 200 | max rel diff. = 7.31096
[2022-12-28 17:59:13.929] [jointLog] [info] iteration = 300 | max rel diff. = 9.83723
[2022-12-28 17:59:14.193] [jointLog] [info] iteration = 400 | max rel diff. = 12.8635
[2022-12-28 17:59:14.459] [jointLog] [info] iteration = 500 | max rel diff. = 0.0423049
[2022-12-28 17:59:14.724] [jointLog] [info] iteration = 600 | max rel diff. = 0.037447
[2022-12-28 17:59:14.990] [jointLog] [info] iteration = 700 | max rel diff. = 0.174773
[2022-12-28 17:59:15.059] [jointLog] [info] iteration = 727 | max rel diff. = 0.00946507
[2022-12-28 17:59:15.060] [jointLog] [info] Finished optimizer
[2022-12-28 17:59:15.060] [jointLog] [info] writing output 

