[2022-12-26 19:07:53.235] [jointLog] [info] setting maxHashResizeThreads to 12
[2022-12-26 19:07:53.235] [jointLog] [info] Fragment incompatibility prior below threshold.  Incompatible fragments will be ignored.
[2022-12-26 19:07:53.235] [jointLog] [info] Usage of --validateMappings implies use of minScoreFraction. Since not explicitly specified, it is being set to 0.65
[2022-12-26 19:07:53.235] [jointLog] [info] Setting consensusSlack to selective-alignment default of 0.35.
[2022-12-26 19:07:53.235] [jointLog] [info] parsing read library format
[2022-12-26 19:07:53.235] [jointLog] [info] There is 1 library.
[2022-12-26 19:07:53.235] [jointLog] [info] Loading pufferfish index
[2022-12-26 19:07:53.235] [jointLog] [info] Loading dense pufferfish index.
[2022-12-26 19:07:53.576] [jointLog] [info] done
[2022-12-26 19:07:53.629] [jointLog] [info] Index contained 23,315 targets
[2022-12-26 19:07:53.634] [jointLog] [info] Number of decoys : 63
[2022-12-26 19:07:53.634] [jointLog] [info] First decoy index : 23,252 
[2022-12-26 19:07:53.758] [jointLog] [info] Automatically detected most likely library type as SR

[2022-12-26 19:08:01.963] [fileLog] [info] 
At end of round 0
==================
Observed 9279681 total fragments (9279681 in most recent round)

[2022-12-26 19:08:01.907] [jointLog] [info] Thread saw mini-batch with a maximum of 1.42% zero probability fragments
[2022-12-26 19:08:01.907] [jointLog] [info] Thread saw mini-batch with a maximum of 0.58% zero probability fragments
[2022-12-26 19:08:01.907] [jointLog] [info] Thread saw mini-batch with a maximum of 1.89% zero probability fragments
[2022-12-26 19:08:01.907] [jointLog] [info] Thread saw mini-batch with a maximum of 1.42% zero probability fragments
[2022-12-26 19:08:01.910] [jointLog] [info] Thread saw mini-batch with a maximum of 0.94% zero probability fragments
[2022-12-26 19:08:01.910] [jointLog] [info] Thread saw mini-batch with a maximum of 0.52% zero probability fragments
[2022-12-26 19:08:01.913] [jointLog] [info] Thread saw mini-batch with a maximum of 0.94% zero probability fragments
[2022-12-26 19:08:01.919] [jointLog] [info] Thread saw mini-batch with a maximum of 0.52% zero probability fragments
[2022-12-26 19:08:01.920] [jointLog] [info] Thread saw mini-batch with a maximum of 0.94% zero probability fragments
[2022-12-26 19:08:01.928] [jointLog] [info] Thread saw mini-batch with a maximum of 0.94% zero probability fragments
[2022-12-26 19:08:01.933] [jointLog] [info] Thread saw mini-batch with a maximum of 0.85% zero probability fragments
[2022-12-26 19:08:01.933] [jointLog] [info] Thread saw mini-batch with a maximum of 0.94% zero probability fragments
[2022-12-26 19:08:01.963] [jointLog] [info] Computed 29,192 rich equivalence classes for further processing
[2022-12-26 19:08:01.963] [jointLog] [info] Counted 8,729,575 total reads in the equivalence classes 
[2022-12-26 19:08:01.971] [jointLog] [info] Number of mappings discarded because of alignment score : 236,108
[2022-12-26 19:08:01.971] [jointLog] [info] Number of fragments entirely discarded because of alignment score : 73,047
[2022-12-26 19:08:01.971] [jointLog] [info] Number of fragments discarded because they are best-mapped to decoys : 13,961
[2022-12-26 19:08:01.971] [jointLog] [info] Number of fragments discarded because they have only dovetail (discordant) mappings to valid targets : 0
[2022-12-26 19:08:01.971] [jointLog] [info] Mapping rate = 94.0719%

[2022-12-26 19:08:01.971] [jointLog] [info] finished quantifyLibrary()
[2022-12-26 19:08:01.971] [jointLog] [info] Starting optimizer
[2022-12-26 19:08:01.977] [jointLog] [info] Marked 0 weighted equivalence classes as degenerate
[2022-12-26 19:08:01.978] [jointLog] [info] iteration = 0 | max rel diff. = 28580.1
[2022-12-26 19:08:02.064] [jointLog] [info] iteration = 100 | max rel diff. = 15.8352
[2022-12-26 19:08:02.148] [jointLog] [info] iteration = 200 | max rel diff. = 1.05415
[2022-12-26 19:08:02.234] [jointLog] [info] iteration = 300 | max rel diff. = 0.586031
[2022-12-26 19:08:02.321] [jointLog] [info] iteration = 400 | max rel diff. = 0.991889
[2022-12-26 19:08:02.409] [jointLog] [info] iteration = 500 | max rel diff. = 0.159216
[2022-12-26 19:08:02.495] [jointLog] [info] iteration = 600 | max rel diff. = 0.454767
[2022-12-26 19:08:02.576] [jointLog] [info] iteration = 700 | max rel diff. = 0.0259585
[2022-12-26 19:08:02.658] [jointLog] [info] iteration = 800 | max rel diff. = 0.152194
[2022-12-26 19:08:02.738] [jointLog] [info] iteration = 900 | max rel diff. = 0.0657647
[2022-12-26 19:08:02.819] [jointLog] [info] iteration = 1,000 | max rel diff. = 0.240934
[2022-12-26 19:08:02.900] [jointLog] [info] iteration = 1,100 | max rel diff. = 0.104549
[2022-12-26 19:08:02.982] [jointLog] [info] iteration = 1,200 | max rel diff. = 0.0236144
[2022-12-26 19:08:03.013] [jointLog] [info] iteration = 1,240 | max rel diff. = 0.00989008
[2022-12-26 19:08:03.014] [jointLog] [info] Finished optimizer
[2022-12-26 19:08:03.014] [jointLog] [info] writing output 

