[2022-12-26 19:07:26.874] [jointLog] [info] setting maxHashResizeThreads to 12
[2022-12-26 19:07:26.874] [jointLog] [info] Fragment incompatibility prior below threshold.  Incompatible fragments will be ignored.
[2022-12-26 19:07:26.874] [jointLog] [info] Usage of --validateMappings implies use of minScoreFraction. Since not explicitly specified, it is being set to 0.65
[2022-12-26 19:07:26.874] [jointLog] [info] Setting consensusSlack to selective-alignment default of 0.35.
[2022-12-26 19:07:26.874] [jointLog] [info] parsing read library format
[2022-12-26 19:07:26.874] [jointLog] [info] There is 1 library.
[2022-12-26 19:07:26.874] [jointLog] [info] Loading pufferfish index
[2022-12-26 19:07:26.874] [jointLog] [info] Loading dense pufferfish index.
[2022-12-26 19:07:27.214] [jointLog] [info] done
[2022-12-26 19:07:27.269] [jointLog] [info] Index contained 23,315 targets
[2022-12-26 19:07:27.274] [jointLog] [info] Number of decoys : 63
[2022-12-26 19:07:27.274] [jointLog] [info] First decoy index : 23,252 
[2022-12-26 19:07:27.406] [jointLog] [info] Automatically detected most likely library type as SR

[2022-12-26 19:07:33.976] [fileLog] [info] 
At end of round 0
==================
Observed 7512818 total fragments (7512818 in most recent round)

[2022-12-26 19:07:33.920] [jointLog] [info] Thread saw mini-batch with a maximum of 0.87% zero probability fragments
[2022-12-26 19:07:33.920] [jointLog] [info] Thread saw mini-batch with a maximum of 1.16% zero probability fragments
[2022-12-26 19:07:33.920] [jointLog] [info] Thread saw mini-batch with a maximum of 0.74% zero probability fragments
[2022-12-26 19:07:33.920] [jointLog] [info] Thread saw mini-batch with a maximum of 0.68% zero probability fragments
[2022-12-26 19:07:33.920] [jointLog] [info] Thread saw mini-batch with a maximum of 0.66% zero probability fragments
[2022-12-26 19:07:33.920] [jointLog] [info] Thread saw mini-batch with a maximum of 0.70% zero probability fragments
[2022-12-26 19:07:33.920] [jointLog] [info] Thread saw mini-batch with a maximum of 1.45% zero probability fragments
[2022-12-26 19:07:33.927] [jointLog] [info] Thread saw mini-batch with a maximum of 0.74% zero probability fragments
[2022-12-26 19:07:33.935] [jointLog] [info] Thread saw mini-batch with a maximum of 0.76% zero probability fragments
[2022-12-26 19:07:33.939] [jointLog] [info] Thread saw mini-batch with a maximum of 0.70% zero probability fragments
[2022-12-26 19:07:33.944] [jointLog] [info] Thread saw mini-batch with a maximum of 0.66% zero probability fragments
[2022-12-26 19:07:33.946] [jointLog] [info] Thread saw mini-batch with a maximum of 0.87% zero probability fragments
[2022-12-26 19:07:33.975] [jointLog] [info] Computed 28,548 rich equivalence classes for further processing
[2022-12-26 19:07:33.975] [jointLog] [info] Counted 6,781,495 total reads in the equivalence classes 
[2022-12-26 19:07:33.983] [jointLog] [info] Number of mappings discarded because of alignment score : 189,457
[2022-12-26 19:07:33.983] [jointLog] [info] Number of fragments entirely discarded because of alignment score : 72,219
[2022-12-26 19:07:33.983] [jointLog] [info] Number of fragments discarded because they are best-mapped to decoys : 12,892
[2022-12-26 19:07:33.983] [jointLog] [info] Number of fragments discarded because they have only dovetail (discordant) mappings to valid targets : 0
[2022-12-26 19:07:33.983] [jointLog] [info] Mapping rate = 90.2657%

[2022-12-26 19:07:33.983] [jointLog] [info] finished quantifyLibrary()
[2022-12-26 19:07:33.983] [jointLog] [info] Starting optimizer
[2022-12-26 19:07:33.990] [jointLog] [info] Marked 0 weighted equivalence classes as degenerate
[2022-12-26 19:07:33.991] [jointLog] [info] iteration = 0 | max rel diff. = 24397.5
[2022-12-26 19:07:34.074] [jointLog] [info] iteration = 100 | max rel diff. = 3.34733
[2022-12-26 19:07:34.158] [jointLog] [info] iteration = 200 | max rel diff. = 2.305
[2022-12-26 19:07:34.239] [jointLog] [info] iteration = 300 | max rel diff. = 0.977653
[2022-12-26 19:07:34.323] [jointLog] [info] iteration = 400 | max rel diff. = 3.55411
[2022-12-26 19:07:34.404] [jointLog] [info] iteration = 500 | max rel diff. = 4.45844
[2022-12-26 19:07:34.485] [jointLog] [info] iteration = 600 | max rel diff. = 0.0578136
[2022-12-26 19:07:34.577] [jointLog] [info] iteration = 700 | max rel diff. = 0.0623131
[2022-12-26 19:07:34.662] [jointLog] [info] iteration = 800 | max rel diff. = 0.0748144
[2022-12-26 19:07:34.745] [jointLog] [info] iteration = 900 | max rel diff. = 0.0215729
[2022-12-26 19:07:34.825] [jointLog] [info] iteration = 1,000 | max rel diff. = 0.0493765
[2022-12-26 19:07:34.834] [jointLog] [info] iteration = 1,012 | max rel diff. = 0.00977158
[2022-12-26 19:07:34.834] [jointLog] [info] Finished optimizer
[2022-12-26 19:07:34.834] [jointLog] [info] writing output 

