[2022-12-28 18:01:42.218] [jointLog] [info] setting maxHashResizeThreads to 12
[2022-12-28 18:01:42.218] [jointLog] [info] Fragment incompatibility prior below threshold.  Incompatible fragments will be ignored.
[2022-12-28 18:01:42.218] [jointLog] [info] Usage of --validateMappings implies use of minScoreFraction. Since not explicitly specified, it is being set to 0.65
[2022-12-28 18:01:42.218] [jointLog] [info] Setting consensusSlack to selective-alignment default of 0.35.
[2022-12-28 18:01:42.218] [jointLog] [info] parsing read library format
[2022-12-28 18:01:42.218] [jointLog] [info] There is 1 library.
[2022-12-28 18:01:42.218] [jointLog] [info] Loading pufferfish index
[2022-12-28 18:01:42.218] [jointLog] [info] Loading dense pufferfish index.
[2022-12-28 18:01:42.556] [jointLog] [info] done
[2022-12-28 18:01:42.611] [jointLog] [info] Index contained 23,315 targets
[2022-12-28 18:01:42.615] [jointLog] [info] Number of decoys : 63
[2022-12-28 18:01:42.615] [jointLog] [info] First decoy index : 23,252 
[2022-12-28 18:01:43.808] [jointLog] [info] Automatically detected most likely library type as IU

[2022-12-28 18:04:24.380] [jointLog] [info] Computed 138,809 rich equivalence classes for further processing
[2022-12-28 18:04:24.380] [jointLog] [info] Counted 21,814,057 total reads in the equivalence classes 
[2022-12-28 18:04:24.389] [jointLog] [info] Number of mappings discarded because of alignment score : 1,205,236
[2022-12-28 18:04:24.389] [jointLog] [info] Number of fragments entirely discarded because of alignment score : 739,660
[2022-12-28 18:04:24.389] [jointLog] [info] Number of fragments discarded because they are best-mapped to decoys : 95,181
[2022-12-28 18:04:24.389] [jointLog] [info] Number of fragments discarded because they have only dovetail (discordant) mappings to valid targets : 326,912
[2022-12-28 18:04:24.389] [jointLog] [info] Mapping rate = 92.9278%

[2022-12-28 18:04:24.389] [jointLog] [info] finished quantifyLibrary()
[2022-12-28 18:04:24.454] [jointLog] [info] Starting optimizer
[2022-12-28 18:04:24.469] [jointLog] [info] Marked 0 weighted equivalence classes as degenerate
[2022-12-28 18:04:24.472] [jointLog] [info] iteration = 0 | max rel diff. = 51461.8
[2022-12-28 18:04:24.380] [fileLog] [info] 
At end of round 0
==================
Observed 23474193 total fragments (23474193 in most recent round)

[2022-12-28 18:04:24.702] [jointLog] [info] iteration = 100 | max rel diff. = 2.85316
[2022-12-28 18:04:24.935] [jointLog] [info] iteration = 200 | max rel diff. = 1.45802
[2022-12-28 18:04:25.166] [jointLog] [info] iteration = 300 | max rel diff. = 4.79802
[2022-12-28 18:04:25.398] [jointLog] [info] iteration = 400 | max rel diff. = 0.685337
[2022-12-28 18:04:25.629] [jointLog] [info] iteration = 500 | max rel diff. = 0.181638
[2022-12-28 18:04:25.860] [jointLog] [info] iteration = 600 | max rel diff. = 0.0542703
[2022-12-28 18:04:26.090] [jointLog] [info] iteration = 700 | max rel diff. = 0.251087
[2022-12-28 18:04:26.320] [jointLog] [info] iteration = 800 | max rel diff. = 0.0451516
[2022-12-28 18:04:26.551] [jointLog] [info] iteration = 900 | max rel diff. = 0.0509981
[2022-12-28 18:04:26.643] [jointLog] [info] iteration = 941 | max rel diff. = 0.00738514
[2022-12-28 18:04:26.643] [jointLog] [info] Finished optimizer
[2022-12-28 18:04:26.643] [jointLog] [info] writing output 

