[2022-12-28 17:39:17.237] [jointLog] [info] setting maxHashResizeThreads to 12
[2022-12-28 17:39:17.238] [jointLog] [info] Fragment incompatibility prior below threshold.  Incompatible fragments will be ignored.
[2022-12-28 17:39:17.238] [jointLog] [info] Usage of --validateMappings implies use of minScoreFraction. Since not explicitly specified, it is being set to 0.65
[2022-12-28 17:39:17.238] [jointLog] [info] Setting consensusSlack to selective-alignment default of 0.35.
[2022-12-28 17:39:17.238] [jointLog] [info] parsing read library format
[2022-12-28 17:39:17.238] [jointLog] [info] There is 1 library.
[2022-12-28 17:39:17.267] [jointLog] [info] Loading pufferfish index
[2022-12-28 17:39:17.312] [jointLog] [info] Loading dense pufferfish index.
[2022-12-28 17:39:20.009] [jointLog] [info] done
[2022-12-28 17:39:20.063] [jointLog] [info] Index contained 23,315 targets
[2022-12-28 17:39:20.067] [jointLog] [info] Number of decoys : 63
[2022-12-28 17:39:20.067] [jointLog] [info] First decoy index : 23,252 
[2022-12-28 17:39:20.755] [jointLog] [info] Automatically detected most likely library type as IU

[2022-12-28 17:42:29.627] [fileLog] [info] 
At end of round 0
==================
Observed 26595299 total fragments (26595299 in most recent round)

[2022-12-28 17:42:29.626] [jointLog] [info] Computed 147,366 rich equivalence classes for further processing
[2022-12-28 17:42:29.626] [jointLog] [info] Counted 25,013,323 total reads in the equivalence classes 
[2022-12-28 17:42:29.636] [jointLog] [info] Number of mappings discarded because of alignment score : 1,454,945
[2022-12-28 17:42:29.636] [jointLog] [info] Number of fragments entirely discarded because of alignment score : 835,128
[2022-12-28 17:42:29.636] [jointLog] [info] Number of fragments discarded because they are best-mapped to decoys : 80,783
[2022-12-28 17:42:29.636] [jointLog] [info] Number of fragments discarded because they have only dovetail (discordant) mappings to valid targets : 645,244
[2022-12-28 17:42:29.636] [jointLog] [info] Mapping rate = 94.0517%

[2022-12-28 17:42:29.636] [jointLog] [info] finished quantifyLibrary()
[2022-12-28 17:42:29.743] [jointLog] [info] Starting optimizer
[2022-12-28 17:42:29.759] [jointLog] [info] Marked 0 weighted equivalence classes as degenerate
[2022-12-28 17:42:29.762] [jointLog] [info] iteration = 0 | max rel diff. = 44756.5
[2022-12-28 17:42:30.003] [jointLog] [info] iteration = 100 | max rel diff. = 3.92503
[2022-12-28 17:42:30.243] [jointLog] [info] iteration = 200 | max rel diff. = 0.275532
[2022-12-28 17:42:30.485] [jointLog] [info] iteration = 300 | max rel diff. = 0.389302
[2022-12-28 17:42:30.729] [jointLog] [info] iteration = 400 | max rel diff. = 0.100834
[2022-12-28 17:42:30.971] [jointLog] [info] iteration = 500 | max rel diff. = 0.0364656
[2022-12-28 17:42:31.226] [jointLog] [info] iteration = 600 | max rel diff. = 0.185432
[2022-12-28 17:42:31.467] [jointLog] [info] iteration = 700 | max rel diff. = 0.0523784
[2022-12-28 17:42:31.707] [jointLog] [info] iteration = 800 | max rel diff. = 0.0495183
[2022-12-28 17:42:31.947] [jointLog] [info] iteration = 900 | max rel diff. = 0.0412231
[2022-12-28 17:42:32.189] [jointLog] [info] iteration = 1,000 | max rel diff. = 0.074995
[2022-12-28 17:42:32.324] [jointLog] [info] iteration = 1,057 | max rel diff. = 0.00602528
[2022-12-28 17:42:32.325] [jointLog] [info] Finished optimizer
[2022-12-28 17:42:32.325] [jointLog] [info] writing output 

