[2022-12-28 17:36:20.102] [jointLog] [info] setting maxHashResizeThreads to 12
[2022-12-28 17:36:20.102] [jointLog] [info] Fragment incompatibility prior below threshold.  Incompatible fragments will be ignored.
[2022-12-28 17:36:20.102] [jointLog] [info] Usage of --validateMappings implies use of minScoreFraction. Since not explicitly specified, it is being set to 0.65
[2022-12-28 17:36:20.102] [jointLog] [info] Setting consensusSlack to selective-alignment default of 0.35.
[2022-12-28 17:36:20.102] [jointLog] [info] parsing read library format
[2022-12-28 17:36:20.102] [jointLog] [info] There is 1 library.
[2022-12-28 17:36:20.143] [jointLog] [info] Loading pufferfish index
[2022-12-28 17:36:20.154] [jointLog] [info] Loading dense pufferfish index.
[2022-12-28 17:36:21.662] [jointLog] [info] done
[2022-12-28 17:36:21.716] [jointLog] [info] Index contained 23,315 targets
[2022-12-28 17:36:21.720] [jointLog] [info] Number of decoys : 63
[2022-12-28 17:36:21.720] [jointLog] [info] First decoy index : 23,252 
[2022-12-28 17:36:22.318] [jointLog] [info] Automatically detected most likely library type as IU

[2022-12-28 17:39:12.330] [fileLog] [info] 
At end of round 0
==================
Observed 24157723 total fragments (24157723 in most recent round)

[2022-12-28 17:39:12.329] [jointLog] [info] Computed 144,048 rich equivalence classes for further processing
[2022-12-28 17:39:12.329] [jointLog] [info] Counted 22,746,678 total reads in the equivalence classes 
[2022-12-28 17:39:12.339] [jointLog] [info] Number of mappings discarded because of alignment score : 1,334,896
[2022-12-28 17:39:12.339] [jointLog] [info] Number of fragments entirely discarded because of alignment score : 749,232
[2022-12-28 17:39:12.339] [jointLog] [info] Number of fragments discarded because they are best-mapped to decoys : 63,636
[2022-12-28 17:39:12.339] [jointLog] [info] Number of fragments discarded because they have only dovetail (discordant) mappings to valid targets : 467,817
[2022-12-28 17:39:12.339] [jointLog] [info] Mapping rate = 94.159%

[2022-12-28 17:39:12.339] [jointLog] [info] finished quantifyLibrary()
[2022-12-28 17:39:12.376] [jointLog] [info] Starting optimizer
[2022-12-28 17:39:12.392] [jointLog] [info] Marked 0 weighted equivalence classes as degenerate
[2022-12-28 17:39:12.394] [jointLog] [info] iteration = 0 | max rel diff. = 52104.3
[2022-12-28 17:39:12.632] [jointLog] [info] iteration = 100 | max rel diff. = 16.8679
[2022-12-28 17:39:12.868] [jointLog] [info] iteration = 200 | max rel diff. = 0.56874
[2022-12-28 17:39:13.106] [jointLog] [info] iteration = 300 | max rel diff. = 0.441318
[2022-12-28 17:39:13.344] [jointLog] [info] iteration = 400 | max rel diff. = 0.231262
[2022-12-28 17:39:13.584] [jointLog] [info] iteration = 500 | max rel diff. = 0.138536
[2022-12-28 17:39:13.821] [jointLog] [info] iteration = 600 | max rel diff. = 0.246799
[2022-12-28 17:39:14.058] [jointLog] [info] iteration = 700 | max rel diff. = 0.144487
[2022-12-28 17:39:14.296] [jointLog] [info] iteration = 800 | max rel diff. = 2.50008
[2022-12-28 17:39:14.533] [jointLog] [info] iteration = 900 | max rel diff. = 0.985638
[2022-12-28 17:39:14.694] [jointLog] [info] iteration = 969 | max rel diff. = 0.00638068
[2022-12-28 17:39:14.694] [jointLog] [info] Finished optimizer
[2022-12-28 17:39:14.694] [jointLog] [info] writing output 

