[2022-12-26 19:06:58.886] [jointLog] [info] setting maxHashResizeThreads to 12
[2022-12-26 19:06:58.886] [jointLog] [info] Fragment incompatibility prior below threshold.  Incompatible fragments will be ignored.
[2022-12-26 19:06:58.886] [jointLog] [info] Usage of --validateMappings implies use of minScoreFraction. Since not explicitly specified, it is being set to 0.65
[2022-12-26 19:06:58.886] [jointLog] [info] Setting consensusSlack to selective-alignment default of 0.35.
[2022-12-26 19:06:58.886] [jointLog] [info] parsing read library format
[2022-12-26 19:06:58.886] [jointLog] [info] There is 1 library.
[2022-12-26 19:06:58.886] [jointLog] [info] Loading pufferfish index
[2022-12-26 19:06:58.887] [jointLog] [info] Loading dense pufferfish index.
[2022-12-26 19:06:59.222] [jointLog] [info] done
[2022-12-26 19:06:59.280] [jointLog] [info] Index contained 23,315 targets
[2022-12-26 19:06:59.285] [jointLog] [info] Number of decoys : 63
[2022-12-26 19:06:59.285] [jointLog] [info] First decoy index : 23,252 
[2022-12-26 19:06:59.409] [jointLog] [info] Automatically detected most likely library type as SR

[2022-12-26 19:07:06.454] [fileLog] [info] 
At end of round 0
==================
Observed 7932976 total fragments (7932976 in most recent round)

[2022-12-26 19:07:06.397] [jointLog] [info] Thread saw mini-batch with a maximum of 0.64% zero probability fragments
[2022-12-26 19:07:06.403] [jointLog] [info] Thread saw mini-batch with a maximum of 0.52% zero probability fragments
[2022-12-26 19:07:06.405] [jointLog] [info] Thread saw mini-batch with a maximum of 0.64% zero probability fragments
[2022-12-26 19:07:06.409] [jointLog] [info] Thread saw mini-batch with a maximum of 0.50% zero probability fragments
[2022-12-26 19:07:06.411] [jointLog] [info] Thread saw mini-batch with a maximum of 0.47% zero probability fragments
[2022-12-26 19:07:06.412] [jointLog] [info] Thread saw mini-batch with a maximum of 0.56% zero probability fragments
[2022-12-26 19:07:06.413] [jointLog] [info] Thread saw mini-batch with a maximum of 0.50% zero probability fragments
[2022-12-26 19:07:06.414] [jointLog] [info] Thread saw mini-batch with a maximum of 0.46% zero probability fragments
[2022-12-26 19:07:06.420] [jointLog] [info] Thread saw mini-batch with a maximum of 0.52% zero probability fragments
[2022-12-26 19:07:06.421] [jointLog] [info] Thread saw mini-batch with a maximum of 0.50% zero probability fragments
[2022-12-26 19:07:06.422] [jointLog] [info] Thread saw mini-batch with a maximum of 0.42% zero probability fragments
[2022-12-26 19:07:06.424] [jointLog] [info] Thread saw mini-batch with a maximum of 0.48% zero probability fragments
[2022-12-26 19:07:06.454] [jointLog] [info] Computed 28,327 rich equivalence classes for further processing
[2022-12-26 19:07:06.454] [jointLog] [info] Counted 7,451,853 total reads in the equivalence classes 
[2022-12-26 19:07:06.462] [jointLog] [info] Number of mappings discarded because of alignment score : 200,368
[2022-12-26 19:07:06.462] [jointLog] [info] Number of fragments entirely discarded because of alignment score : 64,035
[2022-12-26 19:07:06.462] [jointLog] [info] Number of fragments discarded because they are best-mapped to decoys : 12,954
[2022-12-26 19:07:06.462] [jointLog] [info] Number of fragments discarded because they have only dovetail (discordant) mappings to valid targets : 0
[2022-12-26 19:07:06.462] [jointLog] [info] Mapping rate = 93.9352%

[2022-12-26 19:07:06.462] [jointLog] [info] finished quantifyLibrary()
[2022-12-26 19:07:06.462] [jointLog] [info] Starting optimizer
[2022-12-26 19:07:06.468] [jointLog] [info] Marked 0 weighted equivalence classes as degenerate
[2022-12-26 19:07:06.469] [jointLog] [info] iteration = 0 | max rel diff. = 25225.7
[2022-12-26 19:07:06.552] [jointLog] [info] iteration = 100 | max rel diff. = 6.46625
[2022-12-26 19:07:06.637] [jointLog] [info] iteration = 200 | max rel diff. = 0.857576
[2022-12-26 19:07:06.720] [jointLog] [info] iteration = 300 | max rel diff. = 0.327349
[2022-12-26 19:07:06.802] [jointLog] [info] iteration = 400 | max rel diff. = 0.0574891
[2022-12-26 19:07:06.883] [jointLog] [info] iteration = 500 | max rel diff. = 0.181554
[2022-12-26 19:07:06.967] [jointLog] [info] iteration = 600 | max rel diff. = 0.0214489
[2022-12-26 19:07:07.047] [jointLog] [info] iteration = 700 | max rel diff. = 0.0665546
[2022-12-26 19:07:07.127] [jointLog] [info] iteration = 800 | max rel diff. = 0.0112892
[2022-12-26 19:07:07.207] [jointLog] [info] iteration = 900 | max rel diff. = 0.0285053
[2022-12-26 19:07:07.243] [jointLog] [info] iteration = 946 | max rel diff. = 0.00463274
[2022-12-26 19:07:07.244] [jointLog] [info] Finished optimizer
[2022-12-26 19:07:07.244] [jointLog] [info] writing output 

