[2022-12-26 19:07:43.934] [jointLog] [info] setting maxHashResizeThreads to 12
[2022-12-26 19:07:43.934] [jointLog] [info] Fragment incompatibility prior below threshold.  Incompatible fragments will be ignored.
[2022-12-26 19:07:43.934] [jointLog] [info] Usage of --validateMappings implies use of minScoreFraction. Since not explicitly specified, it is being set to 0.65
[2022-12-26 19:07:43.934] [jointLog] [info] Setting consensusSlack to selective-alignment default of 0.35.
[2022-12-26 19:07:43.934] [jointLog] [info] parsing read library format
[2022-12-26 19:07:43.934] [jointLog] [info] There is 1 library.
[2022-12-26 19:07:43.934] [jointLog] [info] Loading pufferfish index
[2022-12-26 19:07:43.934] [jointLog] [info] Loading dense pufferfish index.
[2022-12-26 19:07:44.272] [jointLog] [info] done
[2022-12-26 19:07:44.330] [jointLog] [info] Index contained 23,315 targets
[2022-12-26 19:07:44.334] [jointLog] [info] Number of decoys : 63
[2022-12-26 19:07:44.334] [jointLog] [info] First decoy index : 23,252 
[2022-12-26 19:07:44.462] [jointLog] [info] Automatically detected most likely library type as SR

[2022-12-26 19:07:51.628] [fileLog] [info] 
At end of round 0
==================
Observed 8152118 total fragments (8152118 in most recent round)

[2022-12-26 19:07:51.571] [jointLog] [info] Thread saw mini-batch with a maximum of 0.80% zero probability fragments
[2022-12-26 19:07:51.571] [jointLog] [info] Thread saw mini-batch with a maximum of 0.70% zero probability fragments
[2022-12-26 19:07:51.572] [jointLog] [info] Thread saw mini-batch with a maximum of 0.68% zero probability fragments
[2022-12-26 19:07:51.572] [jointLog] [info] Thread saw mini-batch with a maximum of 0.76% zero probability fragments
[2022-12-26 19:07:51.572] [jointLog] [info] Thread saw mini-batch with a maximum of 0.64% zero probability fragments
[2022-12-26 19:07:51.575] [jointLog] [info] Thread saw mini-batch with a maximum of 0.70% zero probability fragments
[2022-12-26 19:07:51.577] [jointLog] [info] Thread saw mini-batch with a maximum of 0.70% zero probability fragments
[2022-12-26 19:07:51.577] [jointLog] [info] Thread saw mini-batch with a maximum of 0.80% zero probability fragments
[2022-12-26 19:07:51.583] [jointLog] [info] Thread saw mini-batch with a maximum of 0.74% zero probability fragments
[2022-12-26 19:07:51.586] [jointLog] [info] Thread saw mini-batch with a maximum of 0.70% zero probability fragments
[2022-12-26 19:07:51.595] [jointLog] [info] Thread saw mini-batch with a maximum of 0.62% zero probability fragments
[2022-12-26 19:07:51.598] [jointLog] [info] Thread saw mini-batch with a maximum of 0.80% zero probability fragments
[2022-12-26 19:07:51.628] [jointLog] [info] Computed 28,001 rich equivalence classes for further processing
[2022-12-26 19:07:51.628] [jointLog] [info] Counted 7,512,133 total reads in the equivalence classes 
[2022-12-26 19:07:51.636] [jointLog] [info] Number of mappings discarded because of alignment score : 197,349
[2022-12-26 19:07:51.636] [jointLog] [info] Number of fragments entirely discarded because of alignment score : 77,171
[2022-12-26 19:07:51.636] [jointLog] [info] Number of fragments discarded because they are best-mapped to decoys : 12,480
[2022-12-26 19:07:51.636] [jointLog] [info] Number of fragments discarded because they have only dovetail (discordant) mappings to valid targets : 0
[2022-12-26 19:07:51.636] [jointLog] [info] Mapping rate = 92.1495%

[2022-12-26 19:07:51.636] [jointLog] [info] finished quantifyLibrary()
[2022-12-26 19:07:51.636] [jointLog] [info] Starting optimizer
[2022-12-26 19:07:51.642] [jointLog] [info] Marked 0 weighted equivalence classes as degenerate
[2022-12-26 19:07:51.643] [jointLog] [info] iteration = 0 | max rel diff. = 26911.6
[2022-12-26 19:07:51.727] [jointLog] [info] iteration = 100 | max rel diff. = 19.6692
[2022-12-26 19:07:51.810] [jointLog] [info] iteration = 200 | max rel diff. = 9.62394
[2022-12-26 19:07:51.891] [jointLog] [info] iteration = 300 | max rel diff. = 0.911139
[2022-12-26 19:07:51.974] [jointLog] [info] iteration = 400 | max rel diff. = 0.157524
[2022-12-26 19:07:52.058] [jointLog] [info] iteration = 500 | max rel diff. = 0.0686911
[2022-12-26 19:07:52.143] [jointLog] [info] iteration = 600 | max rel diff. = 0.321723
[2022-12-26 19:07:52.223] [jointLog] [info] iteration = 700 | max rel diff. = 0.358594
[2022-12-26 19:07:52.304] [jointLog] [info] iteration = 800 | max rel diff. = 0.154255
[2022-12-26 19:07:52.387] [jointLog] [info] iteration = 900 | max rel diff. = 0.0465764
[2022-12-26 19:07:52.405] [jointLog] [info] iteration = 923 | max rel diff. = 0.00933517
[2022-12-26 19:07:52.405] [jointLog] [info] Finished optimizer
[2022-12-26 19:07:52.405] [jointLog] [info] writing output 

