[2022-12-28 17:59:17.770] [jointLog] [info] setting maxHashResizeThreads to 12
[2022-12-28 17:59:17.770] [jointLog] [info] Fragment incompatibility prior below threshold.  Incompatible fragments will be ignored.
[2022-12-28 17:59:17.770] [jointLog] [info] Usage of --validateMappings implies use of minScoreFraction. Since not explicitly specified, it is being set to 0.65
[2022-12-28 17:59:17.770] [jointLog] [info] Setting consensusSlack to selective-alignment default of 0.35.
[2022-12-28 17:59:17.770] [jointLog] [info] parsing read library format
[2022-12-28 17:59:17.770] [jointLog] [info] There is 1 library.
[2022-12-28 17:59:17.770] [jointLog] [info] Loading pufferfish index
[2022-12-28 17:59:17.770] [jointLog] [info] Loading dense pufferfish index.
[2022-12-28 17:59:18.112] [jointLog] [info] done
[2022-12-28 17:59:18.167] [jointLog] [info] Index contained 23,315 targets
[2022-12-28 17:59:18.171] [jointLog] [info] Number of decoys : 63
[2022-12-28 17:59:18.171] [jointLog] [info] First decoy index : 23,252 
[2022-12-28 17:59:18.926] [jointLog] [info] Automatically detected most likely library type as IU

[2022-12-28 18:01:39.215] [fileLog] [info] 
At end of round 0
==================
Observed 20120598 total fragments (20120598 in most recent round)

[2022-12-28 18:01:39.176] [jointLog] [info] Computed 122,395 rich equivalence classes for further processing
[2022-12-28 18:01:39.176] [jointLog] [info] Counted 18,926,573 total reads in the equivalence classes 
[2022-12-28 18:01:39.224] [jointLog] [info] Number of mappings discarded because of alignment score : 983,350
[2022-12-28 18:01:39.224] [jointLog] [info] Number of fragments entirely discarded because of alignment score : 578,374
[2022-12-28 18:01:39.224] [jointLog] [info] Number of fragments discarded because they are best-mapped to decoys : 50,006
[2022-12-28 18:01:39.224] [jointLog] [info] Number of fragments discarded because they have only dovetail (discordant) mappings to valid targets : 295,385
[2022-12-28 18:01:39.224] [jointLog] [info] Mapping rate = 94.0657%

[2022-12-28 18:01:39.224] [jointLog] [info] finished quantifyLibrary()
[2022-12-28 18:01:39.237] [jointLog] [info] Starting optimizer
[2022-12-28 18:01:39.250] [jointLog] [info] Marked 0 weighted equivalence classes as degenerate
[2022-12-28 18:01:39.252] [jointLog] [info] iteration = 0 | max rel diff. = 48976.2
[2022-12-28 18:01:39.457] [jointLog] [info] iteration = 100 | max rel diff. = 6.40064
[2022-12-28 18:01:39.660] [jointLog] [info] iteration = 200 | max rel diff. = 0.99529
[2022-12-28 18:01:39.865] [jointLog] [info] iteration = 300 | max rel diff. = 0.169762
[2022-12-28 18:01:40.070] [jointLog] [info] iteration = 400 | max rel diff. = 1.3541
[2022-12-28 18:01:40.288] [jointLog] [info] iteration = 500 | max rel diff. = 0.027781
[2022-12-28 18:01:40.432] [jointLog] [info] iteration = 572 | max rel diff. = 0.00830934
[2022-12-28 18:01:40.433] [jointLog] [info] Finished optimizer
[2022-12-28 18:01:40.433] [jointLog] [info] writing output 

