[2022-12-28 17:47:29.582] [jointLog] [info] setting maxHashResizeThreads to 12
[2022-12-28 17:47:29.582] [jointLog] [info] Fragment incompatibility prior below threshold.  Incompatible fragments will be ignored.
[2022-12-28 17:47:29.582] [jointLog] [info] Usage of --validateMappings implies use of minScoreFraction. Since not explicitly specified, it is being set to 0.65
[2022-12-28 17:47:29.582] [jointLog] [info] Setting consensusSlack to selective-alignment default of 0.35.
[2022-12-28 17:47:29.582] [jointLog] [info] parsing read library format
[2022-12-28 17:47:29.582] [jointLog] [info] There is 1 library.
[2022-12-28 17:47:29.582] [jointLog] [info] Loading pufferfish index
[2022-12-28 17:47:29.582] [jointLog] [info] Loading dense pufferfish index.
[2022-12-28 17:47:29.928] [jointLog] [info] done
[2022-12-28 17:47:29.981] [jointLog] [info] Index contained 23,315 targets
[2022-12-28 17:47:29.985] [jointLog] [info] Number of decoys : 63
[2022-12-28 17:47:29.985] [jointLog] [info] First decoy index : 23,252 
[2022-12-28 17:47:31.636] [jointLog] [info] Automatically detected most likely library type as IU

[2022-12-28 17:49:19.826] [jointLog] [info] Computed 72,329 rich equivalence classes for further processing
[2022-12-28 17:49:19.826] [jointLog] [info] Counted 14,128,278 total reads in the equivalence classes 
[2022-12-28 17:49:19.835] [jointLog] [info] Number of mappings discarded because of alignment score : 793,813
[2022-12-28 17:49:19.835] [jointLog] [info] Number of fragments entirely discarded because of alignment score : 468,627
[2022-12-28 17:49:19.835] [jointLog] [info] Number of fragments discarded because they are best-mapped to decoys : 54,969
[2022-12-28 17:49:19.835] [jointLog] [info] Number of fragments discarded because they have only dovetail (discordant) mappings to valid targets : 327,715
[2022-12-28 17:49:19.835] [jointLog] [info] Mapping rate = 93.8373%

[2022-12-28 17:49:19.835] [jointLog] [info] finished quantifyLibrary()
[2022-12-28 17:49:19.890] [jointLog] [info] Starting optimizer
[2022-12-28 17:49:19.901] [jointLog] [info] Marked 0 weighted equivalence classes as degenerate
[2022-12-28 17:49:19.902] [jointLog] [info] iteration = 0 | max rel diff. = 42642.3
[2022-12-28 17:49:20.041] [jointLog] [info] iteration = 100 | max rel diff. = 6.95006
[2022-12-28 17:49:19.827] [fileLog] [info] 
At end of round 0
==================
Observed 15056136 total fragments (15056136 in most recent round)

[2022-12-28 17:49:20.181] [jointLog] [info] iteration = 200 | max rel diff. = 0.402208
[2022-12-28 17:49:20.320] [jointLog] [info] iteration = 300 | max rel diff. = 0.109455
[2022-12-28 17:49:20.459] [jointLog] [info] iteration = 400 | max rel diff. = 0.248668
[2022-12-28 17:49:20.599] [jointLog] [info] iteration = 500 | max rel diff. = 0.108113
[2022-12-28 17:49:20.741] [jointLog] [info] iteration = 600 | max rel diff. = 0.124686
[2022-12-28 17:49:20.882] [jointLog] [info] iteration = 700 | max rel diff. = 0.0913793
[2022-12-28 17:49:21.021] [jointLog] [info] iteration = 800 | max rel diff. = 0.0681307
[2022-12-28 17:49:21.160] [jointLog] [info] iteration = 900 | max rel diff. = 0.0260075
[2022-12-28 17:49:21.298] [jointLog] [info] iteration = 1,000 | max rel diff. = 0.0233466
[2022-12-28 17:49:21.355] [jointLog] [info] iteration = 1,042 | max rel diff. = 0.00872458
[2022-12-28 17:49:21.356] [jointLog] [info] Finished optimizer
[2022-12-28 17:49:21.356] [jointLog] [info] writing output 

