[2022-12-26 19:08:03.860] [jointLog] [info] setting maxHashResizeThreads to 12
[2022-12-26 19:08:03.860] [jointLog] [info] Fragment incompatibility prior below threshold.  Incompatible fragments will be ignored.
[2022-12-26 19:08:03.860] [jointLog] [info] Usage of --validateMappings implies use of minScoreFraction. Since not explicitly specified, it is being set to 0.65
[2022-12-26 19:08:03.860] [jointLog] [info] Setting consensusSlack to selective-alignment default of 0.35.
[2022-12-26 19:08:03.861] [jointLog] [info] parsing read library format
[2022-12-26 19:08:03.861] [jointLog] [info] There is 1 library.
[2022-12-26 19:08:03.861] [jointLog] [info] Loading pufferfish index
[2022-12-26 19:08:03.861] [jointLog] [info] Loading dense pufferfish index.
[2022-12-26 19:08:04.207] [jointLog] [info] done
[2022-12-26 19:08:04.262] [jointLog] [info] Index contained 23,315 targets
[2022-12-26 19:08:04.266] [jointLog] [info] Number of decoys : 63
[2022-12-26 19:08:04.266] [jointLog] [info] First decoy index : 23,252 
[2022-12-26 19:08:04.399] [jointLog] [info] Automatically detected most likely library type as SR

[2022-12-26 19:08:12.081] [fileLog] [info] 
At end of round 0
==================
Observed 8747463 total fragments (8747463 in most recent round)

[2022-12-26 19:08:12.027] [jointLog] [info] Thread saw mini-batch with a maximum of 0.46% zero probability fragments
[2022-12-26 19:08:12.027] [jointLog] [info] Thread saw mini-batch with a maximum of 0.48% zero probability fragments
[2022-12-26 19:08:12.027] [jointLog] [info] Thread saw mini-batch with a maximum of 0.54% zero probability fragments
[2022-12-26 19:08:12.027] [jointLog] [info] Thread saw mini-batch with a maximum of 0.44% zero probability fragments
[2022-12-26 19:08:12.027] [jointLog] [info] Thread saw mini-batch with a maximum of 0.44% zero probability fragments
[2022-12-26 19:08:12.027] [jointLog] [info] Thread saw mini-batch with a maximum of 0.48% zero probability fragments
[2022-12-26 19:08:12.030] [jointLog] [info] Thread saw mini-batch with a maximum of 0.50% zero probability fragments
[2022-12-26 19:08:12.035] [jointLog] [info] Thread saw mini-batch with a maximum of 0.60% zero probability fragments
[2022-12-26 19:08:12.045] [jointLog] [info] Thread saw mini-batch with a maximum of 0.50% zero probability fragments
[2022-12-26 19:08:12.045] [jointLog] [info] Thread saw mini-batch with a maximum of 0.44% zero probability fragments
[2022-12-26 19:08:12.048] [jointLog] [info] Thread saw mini-batch with a maximum of 0.42% zero probability fragments
[2022-12-26 19:08:12.051] [jointLog] [info] Thread saw mini-batch with a maximum of 0.46% zero probability fragments
[2022-12-26 19:08:12.081] [jointLog] [info] Computed 29,266 rich equivalence classes for further processing
[2022-12-26 19:08:12.081] [jointLog] [info] Counted 8,230,034 total reads in the equivalence classes 
[2022-12-26 19:08:12.088] [jointLog] [info] Number of mappings discarded because of alignment score : 220,296
[2022-12-26 19:08:12.088] [jointLog] [info] Number of fragments entirely discarded because of alignment score : 72,443
[2022-12-26 19:08:12.088] [jointLog] [info] Number of fragments discarded because they are best-mapped to decoys : 15,203
[2022-12-26 19:08:12.088] [jointLog] [info] Number of fragments discarded because they have only dovetail (discordant) mappings to valid targets : 0
[2022-12-26 19:08:12.088] [jointLog] [info] Mapping rate = 94.0848%

[2022-12-26 19:08:12.088] [jointLog] [info] finished quantifyLibrary()
[2022-12-26 19:08:12.089] [jointLog] [info] Starting optimizer
[2022-12-26 19:08:12.095] [jointLog] [info] Marked 0 weighted equivalence classes as degenerate
[2022-12-26 19:08:12.096] [jointLog] [info] iteration = 0 | max rel diff. = 29380.5
[2022-12-26 19:08:12.186] [jointLog] [info] iteration = 100 | max rel diff. = 8.65608
[2022-12-26 19:08:12.271] [jointLog] [info] iteration = 200 | max rel diff. = 0.593988
[2022-12-26 19:08:12.359] [jointLog] [info] iteration = 300 | max rel diff. = 2.27259
[2022-12-26 19:08:12.447] [jointLog] [info] iteration = 400 | max rel diff. = 0.0480873
[2022-12-26 19:08:12.544] [jointLog] [info] iteration = 500 | max rel diff. = 0.0326667
[2022-12-26 19:08:12.630] [jointLog] [info] iteration = 600 | max rel diff. = 0.571523
[2022-12-26 19:08:12.666] [jointLog] [info] iteration = 642 | max rel diff. = 0.00916774
[2022-12-26 19:08:12.667] [jointLog] [info] Finished optimizer
[2022-12-26 19:08:12.667] [jointLog] [info] writing output 

